2019-11-28 13:51:31,268 [INFO] from play.api.http.EnabledFilters in play-dev-mode-akka.actor.default-dispatcher-8 - Enabled Filters (see <https://www.playframework.com/documentation/latest/Filters>):

    play.filters.csrf.CSRFFilter
    play.filters.headers.SecurityHeadersFilter
    play.filters.hosts.AllowedHostsFilter

2019-11-28 13:51:31,397 [INFO] from play.api.Play in play-dev-mode-akka.actor.default-dispatcher-8 - Application started (Dev)
2019-11-28 13:51:32,959 [WARN] from org.apache.hadoop.util.NativeCodeLoader in playakka-akka.actor.default-dispatcher-7 - Unable to load native-hadoop library for your platform... using builtin-java classes where applicable
2019-11-28 13:51:33,898 [ERROR] from application in application-akka.actor.default-dispatcher-8 - 

! @7e2832fnb - Internal server error, for (GET) [/classifier/branca/noite/F] ->
 
play.api.http.HttpErrorHandlerExceptions$$anon$1: Execution exception[[CompletionException: akka.pattern.AskTimeoutException: Ask timed out on [Actor[akka://playakka/user/$c#596004845]] after [2000 ms]. Message of type [java.lang.String]. A typical reason for `AskTimeoutException` is that the recipient actor didn't send a reply.]]
	at play.api.http.HttpErrorHandlerExceptions$.throwableToUsefulException(HttpErrorHandler.scala:251)
	at play.api.http.DefaultHttpErrorHandler.onServerError(HttpErrorHandler.scala:176)
	at play.core.server.AkkaHttpServer$$anonfun$2.applyOrElse(AkkaHttpServer.scala:382)
	at play.core.server.AkkaHttpServer$$anonfun$2.applyOrElse(AkkaHttpServer.scala:380)
	at scala.concurrent.Future$$anonfun$recoverWith$1.apply(Future.scala:346)
	at scala.concurrent.Future$$anonfun$recoverWith$1.apply(Future.scala:345)
	at scala.concurrent.impl.CallbackRunnable.run(Promise.scala:36)
	at akka.dispatch.BatchingExecutor$AbstractBatch.processBatch(BatchingExecutor.scala:55)
	at akka.dispatch.BatchingExecutor$BlockableBatch$$anonfun$run$1.apply$mcV$sp(BatchingExecutor.scala:91)
	at akka.dispatch.BatchingExecutor$BlockableBatch$$anonfun$run$1.apply(BatchingExecutor.scala:91)
	at akka.dispatch.BatchingExecutor$BlockableBatch$$anonfun$run$1.apply(BatchingExecutor.scala:91)
	at scala.concurrent.BlockContext$.withBlockContext(BlockContext.scala:72)
	at akka.dispatch.BatchingExecutor$BlockableBatch.run(BatchingExecutor.scala:90)
	at akka.dispatch.TaskInvocation.run(AbstractDispatcher.scala:40)
	at akka.dispatch.ForkJoinExecutorConfigurator$AkkaForkJoinTask.exec(ForkJoinExecutorConfigurator.scala:44)
	at akka.dispatch.forkjoin.ForkJoinTask.doExec(ForkJoinTask.java:260)
	at akka.dispatch.forkjoin.ForkJoinPool$WorkQueue.runTask(ForkJoinPool.java:1339)
	at akka.dispatch.forkjoin.ForkJoinPool.runWorker(ForkJoinPool.java:1979)
	at akka.dispatch.forkjoin.ForkJoinWorkerThread.run(ForkJoinWorkerThread.java:107)
Caused by: java.util.concurrent.CompletionException: akka.pattern.AskTimeoutException: Ask timed out on [Actor[akka://playakka/user/$c#596004845]] after [2000 ms]. Message of type [java.lang.String]. A typical reason for `AskTimeoutException` is that the recipient actor didn't send a reply.
	at java.util.concurrent.CompletableFuture.encodeThrowable(CompletableFuture.java:292)
	at java.util.concurrent.CompletableFuture.completeThrowable(CompletableFuture.java:308)
	at java.util.concurrent.CompletableFuture.uniApply(CompletableFuture.java:593)
	at java.util.concurrent.CompletableFuture$UniApply.tryFire(CompletableFuture.java:577)
	at java.util.concurrent.CompletableFuture.postComplete(CompletableFuture.java:474)
	at java.util.concurrent.CompletableFuture.completeExceptionally(CompletableFuture.java:1977)
	at scala.concurrent.java8.FuturesConvertersImpl$CF.apply(FutureConvertersImpl.scala:21)
	at scala.concurrent.java8.FuturesConvertersImpl$CF.apply(FutureConvertersImpl.scala:18)
	at scala.concurrent.impl.CallbackRunnable.run(Promise.scala:36)
	at scala.concurrent.BatchingExecutor$Batch$$anonfun$run$1.processBatch$1(BatchingExecutor.scala:63)
	at scala.concurrent.BatchingExecutor$Batch$$anonfun$run$1.apply$mcV$sp(BatchingExecutor.scala:78)
	at scala.concurrent.BatchingExecutor$Batch$$anonfun$run$1.apply(BatchingExecutor.scala:55)
	at scala.concurrent.BatchingExecutor$Batch$$anonfun$run$1.apply(BatchingExecutor.scala:55)
	at scala.concurrent.BlockContext$.withBlockContext(BlockContext.scala:72)
	at scala.concurrent.BatchingExecutor$Batch.run(BatchingExecutor.scala:54)
	at scala.concurrent.Future$InternalCallbackExecutor$.unbatchedExecute(Future.scala:601)
	at scala.concurrent.BatchingExecutor$class.execute(BatchingExecutor.scala:106)
	at scala.concurrent.Future$InternalCallbackExecutor$.execute(Future.scala:599)
	at scala.concurrent.impl.CallbackRunnable.executeWithValue(Promise.scala:44)
	at scala.concurrent.impl.Promise$DefaultPromise.tryComplete(Promise.scala:252)
	at akka.pattern.PromiseActorRef$$anonfun$1.apply$mcV$sp(AskSupport.scala:644)
	at akka.actor.Scheduler$$anon$4.run(Scheduler.scala:205)
	at scala.concurrent.Future$InternalCallbackExecutor$.unbatchedExecute(Future.scala:601)
	at scala.concurrent.BatchingExecutor$class.execute(BatchingExecutor.scala:109)
	at scala.concurrent.Future$InternalCallbackExecutor$.execute(Future.scala:599)
	at akka.actor.LightArrayRevolverScheduler$TaskHolder.executeTask(LightArrayRevolverScheduler.scala:328)
	at akka.actor.LightArrayRevolverScheduler$$anon$4.executeBucket$1(LightArrayRevolverScheduler.scala:279)
	at akka.actor.LightArrayRevolverScheduler$$anon$4.nextTick(LightArrayRevolverScheduler.scala:283)
	at akka.actor.LightArrayRevolverScheduler$$anon$4.run(LightArrayRevolverScheduler.scala:235)
	at java.lang.Thread.run(Thread.java:748)
Caused by: akka.pattern.AskTimeoutException: Ask timed out on [Actor[akka://playakka/user/$c#596004845]] after [2000 ms]. Message of type [java.lang.String]. A typical reason for `AskTimeoutException` is that the recipient actor didn't send a reply.
	at akka.pattern.PromiseActorRef$$anonfun$2.apply(AskSupport.scala:635)
	at akka.pattern.PromiseActorRef$$anonfun$2.apply(AskSupport.scala:635)
	at akka.pattern.PromiseActorRef$$anonfun$1.apply$mcV$sp(AskSupport.scala:648)
	... 9 common frames omitted
2019-11-28 13:51:34,925 [WARN] from org.apache.spark.deploy.client.StandaloneAppClient$ClientEndpoint in appclient-register-master-threadpool-0 - Failed to connect to master 10.128.0.6:7077
org.apache.spark.SparkException: Exception thrown in awaitResult: 
	at org.apache.spark.util.ThreadUtils$.awaitResult(ThreadUtils.scala:226)
	at org.apache.spark.rpc.RpcTimeout.awaitResult(RpcTimeout.scala:75)
	at org.apache.spark.rpc.RpcEnv.setupEndpointRefByURI(RpcEnv.scala:101)
	at org.apache.spark.rpc.RpcEnv.setupEndpointRef(RpcEnv.scala:109)
	at org.apache.spark.deploy.client.StandaloneAppClient$ClientEndpoint$$anonfun$tryRegisterAllMasters$1$$anon$1.run(StandaloneAppClient.scala:106)
	at java.util.concurrent.Executors$RunnableAdapter.call(Executors.java:511)
	at java.util.concurrent.FutureTask.run(FutureTask.java:266)
	at java.util.concurrent.ThreadPoolExecutor.runWorker(ThreadPoolExecutor.java:1149)
	at java.util.concurrent.ThreadPoolExecutor$Worker.run(ThreadPoolExecutor.java:624)
	at java.lang.Thread.run(Thread.java:748)
Caused by: java.io.IOException: Failed to connect to /10.128.0.6:7077
	at org.apache.spark.network.client.TransportClientFactory.createClient(TransportClientFactory.java:245)
	at org.apache.spark.network.client.TransportClientFactory.createClient(TransportClientFactory.java:187)
	at org.apache.spark.rpc.netty.NettyRpcEnv.createClient(NettyRpcEnv.scala:198)
	at org.apache.spark.rpc.netty.Outbox$$anon$1.call(Outbox.scala:194)
	at org.apache.spark.rpc.netty.Outbox$$anon$1.call(Outbox.scala:190)
	... 4 common frames omitted
Caused by: io.netty.channel.AbstractChannel$AnnotatedConnectException: Connection refused: /10.128.0.6:7077
	at sun.nio.ch.SocketChannelImpl.checkConnect(Native Method)
	at sun.nio.ch.SocketChannelImpl.finishConnect(SocketChannelImpl.java:717)
	at io.netty.channel.socket.nio.NioSocketChannel.doFinishConnect(NioSocketChannel.java:225)
	at io.netty.channel.nio.AbstractNioChannel$AbstractNioUnsafe.finishConnect(AbstractNioChannel.java:291)
	at io.netty.channel.nio.NioEventLoop.processSelectedKey(NioEventLoop.java:634)
	at io.netty.channel.nio.NioEventLoop.processSelectedKeysOptimized(NioEventLoop.java:581)
	at io.netty.channel.nio.NioEventLoop.processSelectedKeys(NioEventLoop.java:498)
	at io.netty.channel.nio.NioEventLoop.run(NioEventLoop.java:460)
	at io.netty.util.concurrent.SingleThreadEventExecutor$2.run(SingleThreadEventExecutor.java:131)
	at io.netty.util.concurrent.FastThreadLocalRunnable.run(FastThreadLocalRunnable.java:30)
	... 1 common frames omitted
Caused by: java.net.ConnectException: Connection refused
	... 11 common frames omitted
